<?xml version="1.0" encoding="UTF-8"?>
<testng-results ignored="0" total="1" passed="1" failed="0" skipped="0">
  <reporter-output>
  </reporter-output>
  <suite started-at="2025-10-09T08:30:22 IST" name="Default suite" finished-at="2025-10-09T08:30:57 IST" duration-ms="34699">
    <groups>
      <group name="cucumber">
        <method signature="AbstractTestNGCucumberTests.runScenario(io.cucumber.testng.PickleWrapper,io.cucumber.testng.FeatureWrapper)[pri:0, instance:in.wrapstore.automation.runners.TestRunner@689604d9]" name="runScenario" class="io.cucumber.testng.AbstractTestNGCucumberTests"/>
      </group> <!-- cucumber -->
    </groups>
    <test started-at="2025-10-09T08:30:22 IST" name="Default test" finished-at="2025-10-09T08:30:57 IST" duration-ms="34699">
      <class name="in.wrapstore.automation.runners.TestRunner">
        <test-method is-config="true" signature="setUpClass(org.testng.ITestContext)[pri:0, instance:in.wrapstore.automation.runners.TestRunner@689604d9]" started-at="2025-10-09T08:30:22 IST" name="setUpClass" finished-at="2025-10-09T08:30:24 IST" duration-ms="1354" status="PASS">
          <params>
            <param index="0">
              <value>
                <![CDATA[org.testng.TestRunner@7ccd611e]]>
              </value>
            </param>
          </params>
          <reporter-output>
          </reporter-output>
        </test-method> <!-- setUpClass -->
        <test-method signature="runScenario(io.cucumber.testng.PickleWrapper,io.cucumber.testng.FeatureWrapper)[pri:0, instance:in.wrapstore.automation.runners.TestRunner@689604d9]" started-at="2025-10-09T08:30:24 IST" name="runScenario" description="Runs Cucumber Scenarios" data-provider="scenarios" finished-at="2025-10-09T08:30:52 IST" duration-ms="28539" status="PASS">
          <params>
            <param index="0">
              <value>
                <![CDATA["User adds BatmanToom Armour Glass Case to cart"]]>
              </value>
            </param>
            <param index="1">
              <value>
                <![CDATA["Add BatmanToom product to cart"]]>
              </value>
            </param>
          </params>
          <reporter-output>
          </reporter-output>
        </test-method> <!-- runScenario -->
        <test-method is-config="true" signature="tearDownClass()[pri:0, instance:in.wrapstore.automation.runners.TestRunner@689604d9]" started-at="2025-10-09T08:30:52 IST" name="tearDownClass" finished-at="2025-10-09T08:30:57 IST" duration-ms="4715" status="PASS">
          <reporter-output>
          </reporter-output>
        </test-method> <!-- tearDownClass -->
      </class> <!-- in.wrapstore.automation.runners.TestRunner -->
    </test> <!-- Default test -->
  </suite> <!-- Default suite -->
</testng-results>
