{"name": "test_add_batman_toon_case_to_cart", "status": "broken", "statusDetails": {"message": "selenium.common.exceptions.TimeoutException: Message:", "trace": "self = <wrapstore_automation_py.tests.test_add_to_cart_flow.TestAddToCartFlow object at 0x000001E25D97F750>\n\n    def test_add_batman_toon_case_to_cart(self):\n        LoggerUtil.info(\"===== TEST START: Add Batman Toon Armour Glass Case to Cart =====\")\n    \n        # Initialize Page Objects\n        home_page = HomePage(self.driver)\n        store_page = StorePage(self.driver)\n        category_page = CategoryPage(self.driver)\n        product_page = ProductPage(self.driver)\n        cart_page = CartPage(self.driver)\n    \n        # Step 1: Open Home Page\n        home_page.open_home_page()\n        home_page.verify_home_page_loaded()\n    \n        # Step 2: Navigate to Store Page\n        store_page.open_store_page()\n    \n        # Step 3: Open Armour Glass Category\n        category_page.open_armour_glass_category()\n    \n        # Step 4: Open Product and Select Model\n        product_page.open_batman_toon_product()\n        product_page.select_batman_toon_phone_model()\n    \n        # Step 5: Add to Cart and Validate\n>       cart_page.click_add_to_cart_and_navigate_to_cart_page()\n\ntests\\test_add_to_cart_flow.py:45: \n_ _ _ _ _ _ _ _ _ _ _ _ _ _ _ _ _ _ _ _ _ _ _ _ _ _ _ _ _ _ _ _ _ _ _ _ _ _ _ _\npages\\cart_page.py:20: in click_add_to_cart_and_navigate_to_cart_page\n    WaitUtil.wait_for_title_contains(self.driver, \"Cart\", 10)\nutils\\wait_util.py:27: in wait_for_title_contains\n    WebDriverWait(driver, timeout).until(\n_ _ _ _ _ _ _ _ _ _ _ _ _ _ _ _ _ _ _ _ _ _ _ _ _ _ _ _ _ _ _ _ _ _ _ _ _ _ _ _\n\nself = <selenium.webdriver.support.wait.WebDriverWait (session=\"0d0b93033d9f72540acd87e7dd51ba56\")>\nmethod = <function title_contains.<locals>._predicate at 0x000001E25D9CC1A0>\nmessage = ''\n\n    def until(self, method: Callable[[D], Union[Literal[False], T]], message: str = \"\") -> T:\n        \"\"\"Wait until the method returns a value that is not False.\n    \n        Calls the method provided with the driver as an argument until the\n        return value does not evaluate to ``False``.\n    \n        Parameters:\n        -----------\n        method: callable(WebDriver)\n            - A callable object that takes a WebDriver instance as an argument.\n    \n        message: str\n            - Optional message for :exc:`TimeoutException`\n    \n        Return:\n        -------\n        object: T\n            - The result of the last call to `method`\n    \n        Raises:\n        -------\n        TimeoutException\n            - If 'method' does not return a truthy value within the WebDriverWait\n            object's timeout\n    \n        Example:\n        --------\n        >>> from selenium.webdriver.common.by import By\n        >>> from selenium.webdriver.support.ui import WebDriverWait\n        >>> from selenium.webdriver.support import expected_conditions as EC\n    \n        # Wait until an element is visible on the page\n        >>> wait = WebDriverWait(driver, 10)\n        >>> element = wait.until(EC.visibility_of_element_located((By.ID, \"exampleId\")))\n        >>> print(element.text)\n        \"\"\"\n        screen = None\n        stacktrace = None\n    \n        end_time = time.monotonic() + self._timeout\n        while True:\n            try:\n                value = method(self._driver)\n                if value:\n                    return value\n            except self._ignored_exceptions as exc:\n                screen = getattr(exc, \"screen\", None)\n                stacktrace = getattr(exc, \"stacktrace\", None)\n            if time.monotonic() > end_time:\n                break\n            time.sleep(self._poll)\n>       raise TimeoutException(message, screen, stacktrace)\nE       selenium.common.exceptions.TimeoutException: Message:\n\nvenv\\Lib\\site-packages\\selenium\\webdriver\\support\\wait.py:138: TimeoutException"}, "attachments": [{"name": "homepage_opened", "source": "11c92d7d-7114-473e-98eb-1594301cddb2-attachment.png", "type": "image/png"}, {"name": "homepage_title_verified", "source": "b80ccfd8-c2ca-4c33-b4cd-05009998b3ba-attachment.png", "type": "image/png"}, {"name": "homepage_loaded", "source": "932cf085-47ee-4446-ab54-35cc426179f9-attachment.png", "type": "image/png"}, {"name": "log", "source": "f68fab41-96eb-4410-8b9b-1bd448a22f24-attachment.txt", "type": "text/plain"}], "start": 1761838396134, "stop": 1761838524544, "uuid": "d9f67564-6af4-4641-8ce5-a5e80b970650", "historyId": "bd33518c72c10e72b69ed12eabd463d7", "testCaseId": "bd33518c72c10e72b69ed12eabd463d7", "fullName": "tests.test_add_to_cart_flow.TestAddToCartFlow#test_add_batman_toon_case_to_cart", "labels": [{"name": "tag", "value": "@pytest.mark.usefixtures('setup_and_teardown')"}, {"name": "tag", "value": "regression"}, {"name": "parentSuite", "value": "tests"}, {"name": "suite", "value": "test_add_to_cart_flow"}, {"name": "subSuite", "value": "TestAddToCartFlow"}, {"name": "host", "value": "Lenovo-PC"}, {"name": "thread", "value": "20716-MainThread"}, {"name": "framework", "value": "pytest"}, {"name": "language", "value": "cpython3"}, {"name": "package", "value": "tests.test_add_to_cart_flow"}]}