{"uuid":"931af478-1189-4850-8deb-86172d3f9c1d","historyId":"50bd3012004fe872b882d31413c43949","testCaseId":"32d35e9744d4ad6766e2d5af264de933","fullName":"src/test/resources/features/add_to_cart.feature:3","labels":[{"name":"host","value":"Lenovo-PC"},{"name":"thread","value":"7824@Lenovo-PC.main(3)"},{"name":"feature","value":"Add BatmanToom product to cart"},{"name":"story","value":"User adds BatmanToom Armour Glass Case to cart"},{"name":"suite","value":"Add BatmanToom product to cart"},{"name":"testClass","value":"User adds BatmanToom Armour Glass Case to cart"},{"name":"framework","value":"cucumber4jvm"},{"name":"language","value":"java"},{"name":"gherkin_uri","value":"file:///C:/Users/Pranjal-PC/eclipse-workspace/in.wrapstore.automation/src/test/resources/features/add_to_cart.feature"},{"name":"package","value":"src.test.resources.features.add_to_cart_feature.Add BatmanToom product to cart"}],"links":[],"name":"User adds BatmanToom Armour Glass Case to cart","status":"broken","statusDetails":{"known":false,"muted":false,"flaky":false,"message":"Expected condition failed: waiting for element to be clickable: By.xpath: //button[text()='Add to cart'] (tried for 10 second(s) with 500 milliseconds interval)\nBuild info: version: '4.24.0', revision: '748ffc9bc3'\nSystem info: os.name: 'Windows 10', os.arch: 'amd64', os.version: '10.0', java.version: '25'\nDriver info: org.openqa.selenium.chrome.ChromeDriver\nCapabilities {acceptInsecureCerts: false, browserName: chrome, browserVersion: 140.0.7339.210, chrome: {chromedriverVersion: 140.0.7339.207 (17230b545fd..., userDataDir: C:\\Users\\PRANJA~1\\AppData\\L...}, fedcm:accounts: true, goog:chromeOptions: {debuggerAddress: localhost:50767}, networkConnectionEnabled: false, pageLoadStrategy: normal, platformName: windows, proxy: Proxy(), se:cdp: ws://localhost:50767/devtoo..., se:cdpVersion: 140.0.7339.210, setWindowRect: true, strictFileInteractability: false, timeouts: {implicit: 0, pageLoad: 300000, script: 30000}, unhandledPromptBehavior: dismiss and notify, webauthn:extension:credBlob: true, webauthn:extension:largeBlob: true, webauthn:extension:minPinLength: true, webauthn:extension:prf: true, webauthn:virtualAuthenticators: true}\nSession ID: b38f8f2db919a4187581fc9c785b3b66","trace":"org.openqa.selenium.TimeoutException: Expected condition failed: waiting for element to be clickable: By.xpath: //button[text()='Add to cart'] (tried for 10 second(s) with 500 milliseconds interval)\nBuild info: version: '4.24.0', revision: '748ffc9bc3'\nSystem info: os.name: 'Windows 10', os.arch: 'amd64', os.version: '10.0', java.version: '25'\nDriver info: org.openqa.selenium.chrome.ChromeDriver\nCapabilities {acceptInsecureCerts: false, browserName: chrome, browserVersion: 140.0.7339.210, chrome: {chromedriverVersion: 140.0.7339.207 (17230b545fd..., userDataDir: C:\\Users\\PRANJA~1\\AppData\\L...}, fedcm:accounts: true, goog:chromeOptions: {debuggerAddress: localhost:50767}, networkConnectionEnabled: false, pageLoadStrategy: normal, platformName: windows, proxy: Proxy(), se:cdp: ws://localhost:50767/devtoo..., se:cdpVersion: 140.0.7339.210, setWindowRect: true, strictFileInteractability: false, timeouts: {implicit: 0, pageLoad: 300000, script: 30000}, unhandledPromptBehavior: dismiss and notify, webauthn:extension:credBlob: true, webauthn:extension:largeBlob: true, webauthn:extension:minPinLength: true, webauthn:extension:prf: true, webauthn:virtualAuthenticators: true}\nSession ID: b38f8f2db919a4187581fc9c785b3b66\r\n\tat org.openqa.selenium.support.ui.WebDriverWait.timeoutException(WebDriverWait.java:84)\r\n\tat org.openqa.selenium.support.ui.FluentWait.until(FluentWait.java:228)\r\n\tat in.wrapstore.automation.utils.WaitUtil.waitForClickability(WaitUtil.java:17)\r\n\tat in.wrapstore.automation.pages.CartPage.clickAddToCartAndNavigateToCartPage(CartPage.java:14)\r\n\tat in.wrapstore.automation.stepDefinitions.TestSteps.user_clicks_add_to_cart_and_is_redirected_to_the_cart_page(TestSteps.java:45)\r\n\tat ✽.user clicks Add to Cart and is redirected to the Cart page(file:///C:/Users/Pranjal-PC/eclipse-workspace/in.wrapstore.automation/src/test/resources/features/add_to_cart.feature:8)\r\n"},"stage":"finished","steps":[{"name":"Given user is on the Wrapstore homepage","status":"passed","statusDetails":{"known":false,"muted":false,"flaky":false},"stage":"finished","steps":[],"attachments":[],"parameters":[],"start":1759978119219,"stop":1759978124969},{"name":"When user opens the Store page","status":"passed","statusDetails":{"known":false,"muted":false,"flaky":false},"stage":"finished","steps":[],"attachments":[],"parameters":[],"start":1759978124971,"stop":1759978128036},{"name":"And user opens the Armour Glass Case category","status":"passed","statusDetails":{"known":false,"muted":false,"flaky":false},"stage":"finished","steps":[],"attachments":[],"parameters":[],"start":1759978128037,"stop":1759978132815},{"name":"And user selects Batman Toon Glass Case phone model","status":"passed","statusDetails":{"known":false,"muted":false,"flaky":false},"stage":"finished","steps":[],"attachments":[],"parameters":[],"start":1759978132816,"stop":1759978137835},{"name":"Then user clicks Add to Cart and is redirected to the Cart page","status":"broken","statusDetails":{"known":false,"muted":false,"flaky":false,"message":"Expected condition failed: waiting for element to be clickable: By.xpath: //button[text()='Add to cart'] (tried for 10 second(s) with 500 milliseconds interval)\nBuild info: version: '4.24.0', revision: '748ffc9bc3'\nSystem info: os.name: 'Windows 10', os.arch: 'amd64', os.version: '10.0', java.version: '25'\nDriver info: org.openqa.selenium.chrome.ChromeDriver\nCapabilities {acceptInsecureCerts: false, browserName: chrome, browserVersion: 140.0.7339.210, chrome: {chromedriverVersion: 140.0.7339.207 (17230b545fd..., userDataDir: C:\\Users\\PRANJA~1\\AppData\\L...}, fedcm:accounts: true, goog:chromeOptions: {debuggerAddress: localhost:50767}, networkConnectionEnabled: false, pageLoadStrategy: normal, platformName: windows, proxy: Proxy(), se:cdp: ws://localhost:50767/devtoo..., se:cdpVersion: 140.0.7339.210, setWindowRect: true, strictFileInteractability: false, timeouts: {implicit: 0, pageLoad: 300000, script: 30000}, unhandledPromptBehavior: dismiss and notify, webauthn:extension:credBlob: true, webauthn:extension:largeBlob: true, webauthn:extension:minPinLength: true, webauthn:extension:prf: true, webauthn:virtualAuthenticators: true}\nSession ID: b38f8f2db919a4187581fc9c785b3b66","trace":"org.openqa.selenium.TimeoutException: Expected condition failed: waiting for element to be clickable: By.xpath: //button[text()='Add to cart'] (tried for 10 second(s) with 500 milliseconds interval)\nBuild info: version: '4.24.0', revision: '748ffc9bc3'\nSystem info: os.name: 'Windows 10', os.arch: 'amd64', os.version: '10.0', java.version: '25'\nDriver info: org.openqa.selenium.chrome.ChromeDriver\nCapabilities {acceptInsecureCerts: false, browserName: chrome, browserVersion: 140.0.7339.210, chrome: {chromedriverVersion: 140.0.7339.207 (17230b545fd..., userDataDir: C:\\Users\\PRANJA~1\\AppData\\L...}, fedcm:accounts: true, goog:chromeOptions: {debuggerAddress: localhost:50767}, networkConnectionEnabled: false, pageLoadStrategy: normal, platformName: windows, proxy: Proxy(), se:cdp: ws://localhost:50767/devtoo..., se:cdpVersion: 140.0.7339.210, setWindowRect: true, strictFileInteractability: false, timeouts: {implicit: 0, pageLoad: 300000, script: 30000}, unhandledPromptBehavior: dismiss and notify, webauthn:extension:credBlob: true, webauthn:extension:largeBlob: true, webauthn:extension:minPinLength: true, webauthn:extension:prf: true, webauthn:virtualAuthenticators: true}\nSession ID: b38f8f2db919a4187581fc9c785b3b66\r\n\tat org.openqa.selenium.support.ui.WebDriverWait.timeoutException(WebDriverWait.java:84)\r\n\tat org.openqa.selenium.support.ui.FluentWait.until(FluentWait.java:228)\r\n\tat in.wrapstore.automation.utils.WaitUtil.waitForClickability(WaitUtil.java:17)\r\n\tat in.wrapstore.automation.pages.CartPage.clickAddToCartAndNavigateToCartPage(CartPage.java:14)\r\n\tat in.wrapstore.automation.stepDefinitions.TestSteps.user_clicks_add_to_cart_and_is_redirected_to_the_cart_page(TestSteps.java:45)\r\n\tat ✽.user clicks Add to Cart and is redirected to the Cart page(file:///C:/Users/Pranjal-PC/eclipse-workspace/in.wrapstore.automation/src/test/resources/features/add_to_cart.feature:8)\r\n"},"stage":"finished","steps":[],"attachments":[],"parameters":[],"start":1759978137835,"stop":1759978148079}],"attachments":[],"parameters":[],"start":1759978115400,"stop":1759978149081}